{"/Users/tharindusenadeera/Documents/Projects/Tutorial Implementations/typescript_jest/src/app/basicUtils.ts": {"path":"/Users/tharindusenadeera/Documents/Projects/Tutorial Implementations/typescript_jest/src/app/basicUtils.ts","statementMap":{"0":{"start":{"line":3,"column":0},"end":{"line":3,"column":16}},"1":{"start":{"line":7,"column":0},"end":{"line":7,"column":16}},"2":{"start":{"line":11,"column":0},"end":{"line":11,"column":16}},"3":{"start":{"line":4,"column":2},"end":{"line":4,"column":15}},"4":{"start":{"line":8,"column":2},"end":{"line":8,"column":38}},"5":{"start":{"line":12,"column":21},"end":{"line":12,"column":67}},"6":{"start":{"line":13,"column":2},"end":{"line":18,"column":4}},"7":{"start":{"line":23,"column":4},"end":{"line":25,"column":5}},"8":{"start":{"line":24,"column":6},"end":{"line":24,"column":51}},"9":{"start":{"line":26,"column":4},"end":{"line":26,"column":40}},"10":{"start":{"line":21,"column":0},"end":{"line":21,"column":13}}},"fnMap":{"0":{"name":"product","decl":{"start":{"line":3,"column":16},"end":{"line":3,"column":23}},"loc":{"start":{"line":3,"column":44},"end":{"line":5,"column":1}}},"1":{"name":"usernameLowercase","decl":{"start":{"line":7,"column":16},"end":{"line":7,"column":33}},"loc":{"start":{"line":7,"column":50},"end":{"line":9,"column":1}}},"2":{"name":"authenticateUser","decl":{"start":{"line":11,"column":16},"end":{"line":11,"column":32}},"loc":{"start":{"line":11,"column":67},"end":{"line":19,"column":1}}},"3":{"name":"(anonymous_3)","decl":{"start":{"line":22,"column":9},"end":{"line":22,"column":16}},"loc":{"start":{"line":22,"column":33},"end":{"line":27,"column":3}}}},"branchMap":{"0":{"loc":{"start":{"line":12,"column":21},"end":{"line":12,"column":67}},"type":"binary-expr","locations":[{"start":{"line":12,"column":21},"end":{"line":12,"column":45}},{"start":{"line":12,"column":49},"end":{"line":12,"column":67}}]},"1":{"loc":{"start":{"line":23,"column":4},"end":{"line":25,"column":5}},"type":"if","locations":[{"start":{"line":23,"column":4},"end":{"line":25,"column":5}}]}},"s":{"0":1,"1":1,"2":1,"3":5,"4":2,"5":6,"6":6,"7":4,"8":3,"9":1,"10":1},"f":{"0":5,"1":2,"2":6,"3":4},"b":{"0":[6,6],"1":[3]}}
}
